{"C:\\Burger-queen-api-client\\src\\Components\\Logo\\logo.jsx": {"path":"C:\\Burger-queen-api-client\\src\\Components\\Logo\\logo.jsx","statementMap":{"0":{"start":{"line":6,"column":19},"end":{"line":12,"column":1}},"1":{"start":{"line":7,"column":2},"end":{"line":11,"column":4}}},"fnMap":{"0":{"name":"(anonymous_0)","decl":{"start":{"line":6,"column":19},"end":{"line":6,"column":20}},"loc":{"start":{"line":6,"column":25},"end":{"line":12,"column":1}},"line":6}},"branchMap":{},"s":{"0":1,"1":1},"f":{"0":1},"b":{},"_coverageSchema":"1a1c01bbd47fc00a2c39e90264f33305004495a9","hash":"9e87f40f9253127a91b0d03f5fc811cd005a1de2"}
,"C:\\Burger-queen-api-client\\src\\Components\\cardElement\\cardElement.jsx": {"path":"C:\\Burger-queen-api-client\\src\\Components\\cardElement\\cardElement.jsx","statementMap":{"0":{"start":{"line":7,"column":2},"end":{"line":16,"column":4}},"1":{"start":{"line":13,"column":31},"end":{"line":13,"column":45}}},"fnMap":{"0":{"name":"CardElement","decl":{"start":{"line":5,"column":24},"end":{"line":5,"column":35}},"loc":{"start":{"line":5,"column":77},"end":{"line":17,"column":1}},"line":5},"1":{"name":"(anonymous_1)","decl":{"start":{"line":13,"column":25},"end":{"line":13,"column":26}},"loc":{"start":{"line":13,"column":31},"end":{"line":13,"column":45}},"line":13}},"branchMap":{},"s":{"0":3,"1":1},"f":{"0":3,"1":1},"b":{},"_coverageSchema":"1a1c01bbd47fc00a2c39e90264f33305004495a9","hash":"2ed926acf39fe1a303be0f910272583187142659"}
,"C:\\Burger-queen-api-client\\src\\Components\\cardOrder\\cardOrder.jsx": {"path":"C:\\Burger-queen-api-client\\src\\Components\\cardOrder\\cardOrder.jsx","statementMap":{"0":{"start":{"line":6,"column":2},"end":{"line":22,"column":4}}},"fnMap":{"0":{"name":"CardOrder","decl":{"start":{"line":5,"column":24},"end":{"line":5,"column":33}},"loc":{"start":{"line":5,"column":69},"end":{"line":23,"column":1}},"line":5}},"branchMap":{},"s":{"0":3},"f":{"0":3},"b":{},"_coverageSchema":"1a1c01bbd47fc00a2c39e90264f33305004495a9","hash":"ee0ea2f4b36000a29a3e2dc087bbe1a24bdd62c6"}
,"C:\\Burger-queen-api-client\\src\\Components\\loginForm\\loginForm.jsx": {"path":"C:\\Burger-queen-api-client\\src\\Components\\loginForm\\loginForm.jsx","statementMap":{"0":{"start":{"line":5,"column":18},"end":{"line":39,"column":1}},"1":{"start":{"line":7,"column":2},"end":{"line":38,"column":4}},"2":{"start":{"line":19,"column":27},"end":{"line":19,"column":51}},"3":{"start":{"line":29,"column":27},"end":{"line":29,"column":54}}},"fnMap":{"0":{"name":"(anonymous_0)","decl":{"start":{"line":5,"column":18},"end":{"line":5,"column":19}},"loc":{"start":{"line":5,"column":93},"end":{"line":39,"column":1}},"line":5},"1":{"name":"(anonymous_1)","decl":{"start":{"line":19,"column":20},"end":{"line":19,"column":21}},"loc":{"start":{"line":19,"column":27},"end":{"line":19,"column":51}},"line":19},"2":{"name":"(anonymous_2)","decl":{"start":{"line":29,"column":20},"end":{"line":29,"column":21}},"loc":{"start":{"line":29,"column":27},"end":{"line":29,"column":54}},"line":29}},"branchMap":{"0":{"loc":{"start":{"line":34,"column":7},"end":{"line":34,"column":90}},"type":"binary-expr","locations":[{"start":{"line":34,"column":7},"end":{"line":34,"column":19}},{"start":{"line":34,"column":23},"end":{"line":34,"column":90}}],"line":34}},"s":{"0":2,"1":2,"2":0,"3":0},"f":{"0":2,"1":0,"2":0},"b":{"0":[2,0]},"_coverageSchema":"1a1c01bbd47fc00a2c39e90264f33305004495a9","hash":"d4bb263e6e42e78d52299ad3c1a6dd97adef03fd"}
,"C:\\Burger-queen-api-client\\src\\Components\\productList\\productList.jsx": {"path":"C:\\Burger-queen-api-client\\src\\Components\\productList\\productList.jsx","statementMap":{"0":{"start":{"line":6,"column":2},"end":{"line":20,"column":4}},"1":{"start":{"line":9,"column":8},"end":{"line":17,"column":10}},"2":{"start":{"line":15,"column":27},"end":{"line":15,"column":52}}},"fnMap":{"0":{"name":"ProductList","decl":{"start":{"line":5,"column":24},"end":{"line":5,"column":35}},"loc":{"start":{"line":5,"column":70},"end":{"line":21,"column":1}},"line":5},"1":{"name":"(anonymous_1)","decl":{"start":{"line":8,"column":20},"end":{"line":8,"column":21}},"loc":{"start":{"line":8,"column":40},"end":{"line":18,"column":7}},"line":8},"2":{"name":"(anonymous_2)","decl":{"start":{"line":15,"column":21},"end":{"line":15,"column":22}},"loc":{"start":{"line":15,"column":27},"end":{"line":15,"column":52}},"line":15}},"branchMap":{},"s":{"0":1,"1":3,"2":1},"f":{"0":1,"1":3,"2":1},"b":{},"_coverageSchema":"1a1c01bbd47fc00a2c39e90264f33305004495a9","hash":"fe8cb733f7bb7fcaccac5092b10385796d091335"}
,"C:\\Burger-queen-api-client\\src\\Components\\productsForWaiters\\products.jsx": {"path":"C:\\Burger-queen-api-client\\src\\Components\\productsForWaiters\\products.jsx","statementMap":{"0":{"start":{"line":8,"column":4},"end":{"line":22,"column":5}},"1":{"start":{"line":11,"column":16},"end":{"line":19,"column":18}},"2":{"start":{"line":16,"column":35},"end":{"line":16,"column":62}}},"fnMap":{"0":{"name":"products","decl":{"start":{"line":7,"column":24},"end":{"line":7,"column":32}},"loc":{"start":{"line":7,"column":67},"end":{"line":23,"column":1}},"line":7},"1":{"name":"(anonymous_1)","decl":{"start":{"line":10,"column":26},"end":{"line":10,"column":27}},"loc":{"start":{"line":10,"column":46},"end":{"line":20,"column":13}},"line":10},"2":{"name":"(anonymous_2)","decl":{"start":{"line":16,"column":29},"end":{"line":16,"column":30}},"loc":{"start":{"line":16,"column":35},"end":{"line":16,"column":62}},"line":16}},"branchMap":{},"s":{"0":1,"1":3,"2":1},"f":{"0":1,"1":3,"2":1},"b":{},"_coverageSchema":"1a1c01bbd47fc00a2c39e90264f33305004495a9","hash":"f62c4063d8774599fc7711596d4276006ad337f4"}
,"C:\\Burger-queen-api-client\\src\\api_client\\api.jsx": {"path":"C:\\Burger-queen-api-client\\src\\api_client\\api.jsx","statementMap":{"0":{"start":{"line":1,"column":12},"end":{"line":136,"column":1}},"1":{"start":{"line":3,"column":18},"end":{"line":21,"column":5}},"2":{"start":{"line":4,"column":8},"end":{"line":20,"column":9}},"3":{"start":{"line":5,"column":29},"end":{"line":11,"column":14}},"4":{"start":{"line":12,"column":12},"end":{"line":17,"column":13}},"5":{"start":{"line":14,"column":16},"end":{"line":14,"column":45}},"6":{"start":{"line":16,"column":16},"end":{"line":16,"column":112}},"7":{"start":{"line":25,"column":26},"end":{"line":51,"column":5}},"8":{"start":{"line":26,"column":8},"end":{"line":50,"column":9}},"9":{"start":{"line":27,"column":29},"end":{"line":33,"column":14}},"10":{"start":{"line":34,"column":12},"end":{"line":45,"column":13}},"11":{"start":{"line":35,"column":33},"end":{"line":35,"column":54}},"12":{"start":{"line":38,"column":16},"end":{"line":41,"column":18}},"13":{"start":{"line":39,"column":56},"end":{"line":39,"column":80}},"14":{"start":{"line":40,"column":53},"end":{"line":40,"column":77}},"15":{"start":{"line":44,"column":16},"end":{"line":44,"column":53}},"16":{"start":{"line":49,"column":12},"end":{"line":49,"column":23}},"17":{"start":{"line":56,"column":27},"end":{"line":75,"column":5}},"18":{"start":{"line":57,"column":8},"end":{"line":74,"column":9}},"19":{"start":{"line":58,"column":29},"end":{"line":65,"column":14}},"20":{"start":{"line":66,"column":12},"end":{"line":71,"column":13}},"21":{"start":{"line":67,"column":16},"end":{"line":67,"column":62}},"22":{"start":{"line":68,"column":16},"end":{"line":68,"column":28}},"23":{"start":{"line":70,"column":16},"end":{"line":70,"column":63}},"24":{"start":{"line":78,"column":26},"end":{"line":100,"column":5}},"25":{"start":{"line":79,"column":8},"end":{"line":99,"column":9}},"26":{"start":{"line":80,"column":29},"end":{"line":86,"column":14}},"27":{"start":{"line":87,"column":12},"end":{"line":96,"column":13}},"28":{"start":{"line":88,"column":37},"end":{"line":88,"column":58}},"29":{"start":{"line":89,"column":16},"end":{"line":89,"column":62}},"30":{"start":{"line":90,"column":16},"end":{"line":93,"column":17}},"31":{"start":{"line":91,"column":57},"end":{"line":91,"column":82}},"32":{"start":{"line":92,"column":58},"end":{"line":92,"column":84}},"33":{"start":{"line":95,"column":16},"end":{"line":95,"column":62}},"34":{"start":{"line":98,"column":12},"end":{"line":98,"column":60}},"35":{"start":{"line":103,"column":25},"end":{"line":126,"column":5}},"36":{"start":{"line":104,"column":8},"end":{"line":124,"column":9}},"37":{"start":{"line":105,"column":29},"end":{"line":115,"column":14}},"38":{"start":{"line":116,"column":12},"end":{"line":121,"column":13}},"39":{"start":{"line":117,"column":31},"end":{"line":117,"column":52}},"40":{"start":{"line":118,"column":16},"end":{"line":118,"column":29}},"41":{"start":{"line":120,"column":16},"end":{"line":120,"column":45}},"42":{"start":{"line":123,"column":12},"end":{"line":123,"column":58}},"43":{"start":{"line":129,"column":4},"end":{"line":135,"column":5}}},"fnMap":{"0":{"name":"(anonymous_0)","decl":{"start":{"line":1,"column":12},"end":{"line":1,"column":13}},"loc":{"start":{"line":1,"column":18},"end":{"line":136,"column":1}},"line":1},"1":{"name":"(anonymous_1)","decl":{"start":{"line":3,"column":18},"end":{"line":3,"column":19}},"loc":{"start":{"line":3,"column":45},"end":{"line":21,"column":5}},"line":3},"2":{"name":"(anonymous_2)","decl":{"start":{"line":25,"column":26},"end":{"line":25,"column":27}},"loc":{"start":{"line":25,"column":47},"end":{"line":51,"column":5}},"line":25},"3":{"name":"(anonymous_3)","decl":{"start":{"line":39,"column":48},"end":{"line":39,"column":49}},"loc":{"start":{"line":39,"column":56},"end":{"line":39,"column":80}},"line":39},"4":{"name":"(anonymous_4)","decl":{"start":{"line":40,"column":45},"end":{"line":40,"column":46}},"loc":{"start":{"line":40,"column":53},"end":{"line":40,"column":77}},"line":40},"5":{"name":"(anonymous_5)","decl":{"start":{"line":56,"column":27},"end":{"line":56,"column":28}},"loc":{"start":{"line":56,"column":51},"end":{"line":75,"column":5}},"line":56},"6":{"name":"(anonymous_6)","decl":{"start":{"line":78,"column":26},"end":{"line":78,"column":27}},"loc":{"start":{"line":78,"column":47},"end":{"line":100,"column":5}},"line":78},"7":{"name":"(anonymous_7)","decl":{"start":{"line":91,"column":49},"end":{"line":91,"column":50}},"loc":{"start":{"line":91,"column":57},"end":{"line":91,"column":82}},"line":91},"8":{"name":"(anonymous_8)","decl":{"start":{"line":92,"column":50},"end":{"line":92,"column":51}},"loc":{"start":{"line":92,"column":58},"end":{"line":92,"column":84}},"line":92},"9":{"name":"(anonymous_9)","decl":{"start":{"line":103,"column":25},"end":{"line":103,"column":26}},"loc":{"start":{"line":103,"column":57},"end":{"line":126,"column":5}},"line":103}},"branchMap":{"0":{"loc":{"start":{"line":12,"column":12},"end":{"line":17,"column":13}},"type":"if","locations":[{"start":{"line":12,"column":12},"end":{"line":17,"column":13}},{"start":{"line":15,"column":19},"end":{"line":17,"column":13}}],"line":12},"1":{"loc":{"start":{"line":34,"column":12},"end":{"line":45,"column":13}},"type":"if","locations":[{"start":{"line":34,"column":12},"end":{"line":45,"column":13}},{"start":{"line":43,"column":19},"end":{"line":45,"column":13}}],"line":34},"2":{"loc":{"start":{"line":66,"column":12},"end":{"line":71,"column":13}},"type":"if","locations":[{"start":{"line":66,"column":12},"end":{"line":71,"column":13}},{"start":{"line":69,"column":19},"end":{"line":71,"column":13}}],"line":66},"3":{"loc":{"start":{"line":87,"column":12},"end":{"line":96,"column":13}},"type":"if","locations":[{"start":{"line":87,"column":12},"end":{"line":96,"column":13}},{"start":{"line":94,"column":19},"end":{"line":96,"column":13}}],"line":87},"4":{"loc":{"start":{"line":116,"column":12},"end":{"line":121,"column":13}},"type":"if","locations":[{"start":{"line":116,"column":12},"end":{"line":121,"column":13}},{"start":{"line":119,"column":19},"end":{"line":121,"column":13}}],"line":116}},"s":{"0":2,"1":4,"2":2,"3":2,"4":2,"5":1,"6":1,"7":4,"8":2,"9":2,"10":2,"11":1,"12":1,"13":2,"14":2,"15":1,"16":1,"17":4,"18":0,"19":0,"20":0,"21":0,"22":0,"23":0,"24":4,"25":0,"26":0,"27":0,"28":0,"29":0,"30":0,"31":0,"32":0,"33":0,"34":0,"35":4,"36":0,"37":0,"38":0,"39":0,"40":0,"41":0,"42":0,"43":4},"f":{"0":4,"1":2,"2":2,"3":2,"4":2,"5":0,"6":0,"7":0,"8":0,"9":0},"b":{"0":[1,1],"1":[1,1],"2":[0,0],"3":[0,0],"4":[0,0]},"_coverageSchema":"1a1c01bbd47fc00a2c39e90264f33305004495a9","hash":"7b5b57fd7eafde476ee6886c9c8e3119b9ba77c3"}
,"C:\\Burger-queen-api-client\\src\\pages\\login\\login.jsx": {"path":"C:\\Burger-queen-api-client\\src\\pages\\login\\login.jsx","statementMap":{"0":{"start":{"line":12,"column":14},"end":{"line":67,"column":1}},"1":{"start":{"line":14,"column":19},"end":{"line":14,"column":32}},"2":{"start":{"line":15,"column":28},"end":{"line":15,"column":40}},"3":{"start":{"line":16,"column":34},"end":{"line":16,"column":46}},"4":{"start":{"line":17,"column":42},"end":{"line":17,"column":54}},"5":{"start":{"line":19,"column":22},"end":{"line":51,"column":3}},"6":{"start":{"line":20,"column":4},"end":{"line":20,"column":23}},"7":{"start":{"line":22,"column":4},"end":{"line":25,"column":5}},"8":{"start":{"line":23,"column":6},"end":{"line":23,"column":53}},"9":{"start":{"line":24,"column":6},"end":{"line":24,"column":13}},"10":{"start":{"line":27,"column":4},"end":{"line":50,"column":5}},"11":{"start":{"line":28,"column":19},"end":{"line":28,"column":53}},"12":{"start":{"line":30,"column":6},"end":{"line":32,"column":7}},"13":{"start":{"line":31,"column":8},"end":{"line":31,"column":28}},"14":{"start":{"line":32,"column":8},"end":{"line":36,"column":7}},"15":{"start":{"line":33,"column":8},"end":{"line":33,"column":27}},"16":{"start":{"line":34,"column":13},"end":{"line":36,"column":7}},"17":{"start":{"line":35,"column":8},"end":{"line":35,"column":27}},"18":{"start":{"line":38,"column":26},"end":{"line":38,"column":42}},"19":{"start":{"line":40,"column":6},"end":{"line":44,"column":7}},"20":{"start":{"line":41,"column":8},"end":{"line":41,"column":51}},"21":{"start":{"line":48,"column":6},"end":{"line":48,"column":102}},"22":{"start":{"line":53,"column":2},"end":{"line":65,"column":4}}},"fnMap":{"0":{"name":"(anonymous_0)","decl":{"start":{"line":12,"column":14},"end":{"line":12,"column":15}},"loc":{"start":{"line":12,"column":20},"end":{"line":67,"column":1}},"line":12},"1":{"name":"(anonymous_1)","decl":{"start":{"line":19,"column":22},"end":{"line":19,"column":23}},"loc":{"start":{"line":19,"column":35},"end":{"line":51,"column":3}},"line":19}},"branchMap":{"0":{"loc":{"start":{"line":22,"column":4},"end":{"line":25,"column":5}},"type":"if","locations":[{"start":{"line":22,"column":4},"end":{"line":25,"column":5}},{"start":{},"end":{}}],"line":22},"1":{"loc":{"start":{"line":22,"column":8},"end":{"line":22,"column":53}},"type":"binary-expr","locations":[{"start":{"line":22,"column":8},"end":{"line":22,"column":27}},{"start":{"line":22,"column":31},"end":{"line":22,"column":53}}],"line":22},"2":{"loc":{"start":{"line":30,"column":6},"end":{"line":32,"column":7}},"type":"if","locations":[{"start":{"line":30,"column":6},"end":{"line":32,"column":7}},{"start":{},"end":{}}],"line":30},"3":{"loc":{"start":{"line":32,"column":8},"end":{"line":36,"column":7}},"type":"if","locations":[{"start":{"line":32,"column":8},"end":{"line":36,"column":7}},{"start":{"line":34,"column":13},"end":{"line":36,"column":7}}],"line":32},"4":{"loc":{"start":{"line":34,"column":13},"end":{"line":36,"column":7}},"type":"if","locations":[{"start":{"line":34,"column":13},"end":{"line":36,"column":7}},{"start":{},"end":{}}],"line":34}},"s":{"0":1,"1":1,"2":1,"3":1,"4":1,"5":1,"6":0,"7":0,"8":0,"9":0,"10":0,"11":0,"12":0,"13":0,"14":0,"15":0,"16":0,"17":0,"18":0,"19":0,"20":0,"21":0,"22":1},"f":{"0":1,"1":0},"b":{"0":[0,0],"1":[0,0],"2":[0,0],"3":[0,0],"4":[0,0]},"_coverageSchema":"1a1c01bbd47fc00a2c39e90264f33305004495a9","hash":"441a06fb3986234ea023dbe785323bc7d57a3f44"}
}
