{"C:\\Users\\Claudia\\Desktop\\proyectos\\Burger-queen-api-client\\src\\Components\\loginForm\\loginForm.jsx": {"path":"C:\\Users\\Claudia\\Desktop\\proyectos\\Burger-queen-api-client\\src\\Components\\loginForm\\loginForm.jsx","statementMap":{"0":{"start":{"line":5,"column":18},"end":{"line":41,"column":1}},"1":{"start":{"line":7,"column":2},"end":{"line":40,"column":4}},"2":{"start":{"line":19,"column":27},"end":{"line":19,"column":51}},"3":{"start":{"line":29,"column":27},"end":{"line":29,"column":54}}},"fnMap":{"0":{"name":"(anonymous_0)","decl":{"start":{"line":5,"column":18},"end":{"line":5,"column":19}},"loc":{"start":{"line":5,"column":93},"end":{"line":41,"column":1}},"line":5},"1":{"name":"(anonymous_1)","decl":{"start":{"line":19,"column":20},"end":{"line":19,"column":21}},"loc":{"start":{"line":19,"column":27},"end":{"line":19,"column":51}},"line":19},"2":{"name":"(anonymous_2)","decl":{"start":{"line":29,"column":20},"end":{"line":29,"column":21}},"loc":{"start":{"line":29,"column":27},"end":{"line":29,"column":54}},"line":29}},"branchMap":{"0":{"loc":{"start":{"line":34,"column":7},"end":{"line":34,"column":90}},"type":"binary-expr","locations":[{"start":{"line":34,"column":7},"end":{"line":34,"column":19}},{"start":{"line":34,"column":23},"end":{"line":34,"column":90}}],"line":34}},"s":{"0":2,"1":2,"2":0,"3":0},"f":{"0":2,"1":0,"2":0},"b":{"0":[2,0]},"_coverageSchema":"1a1c01bbd47fc00a2c39e90264f33305004495a9","hash":"9a9ee74de62a9228ee86f2091e0c665950235201"}
,"C:\\Users\\Claudia\\Desktop\\proyectos\\Burger-queen-api-client\\src\\Components\\logo\\logo.jsx": {"path":"C:\\Users\\Claudia\\Desktop\\proyectos\\Burger-queen-api-client\\src\\Components\\logo\\logo.jsx","statementMap":{"0":{"start":{"line":6,"column":19},"end":{"line":12,"column":1}},"1":{"start":{"line":7,"column":2},"end":{"line":11,"column":4}}},"fnMap":{"0":{"name":"(anonymous_0)","decl":{"start":{"line":6,"column":19},"end":{"line":6,"column":20}},"loc":{"start":{"line":6,"column":25},"end":{"line":12,"column":1}},"line":6}},"branchMap":{},"s":{"0":1,"1":1},"f":{"0":1},"b":{},"_coverageSchema":"1a1c01bbd47fc00a2c39e90264f33305004495a9","hash":"1aebcb2995355914f4f6af74b22f3c0ed7e84a97"}
,"C:\\Users\\Claudia\\Desktop\\proyectos\\Burger-queen-api-client\\src\\api_client\\api.jsx": {"path":"C:\\Users\\Claudia\\Desktop\\proyectos\\Burger-queen-api-client\\src\\api_client\\api.jsx","statementMap":{"0":{"start":{"line":3,"column":12},"end":{"line":55,"column":1}},"1":{"start":{"line":5,"column":18},"end":{"line":24,"column":5}},"2":{"start":{"line":6,"column":8},"end":{"line":23,"column":9}},"3":{"start":{"line":7,"column":29},"end":{"line":13,"column":14}},"4":{"start":{"line":15,"column":12},"end":{"line":19,"column":13}},"5":{"start":{"line":16,"column":16},"end":{"line":16,"column":45}},"6":{"start":{"line":18,"column":16},"end":{"line":18,"column":112}},"7":{"start":{"line":22,"column":12},"end":{"line":22,"column":41}},"8":{"start":{"line":29,"column":26},"end":{"line":50,"column":5}},"9":{"start":{"line":30,"column":8},"end":{"line":49,"column":9}},"10":{"start":{"line":31,"column":29},"end":{"line":37,"column":14}},"11":{"start":{"line":38,"column":12},"end":{"line":46,"column":13}},"12":{"start":{"line":39,"column":33},"end":{"line":39,"column":54}},"13":{"start":{"line":40,"column":16},"end":{"line":43,"column":18}},"14":{"start":{"line":41,"column":56},"end":{"line":41,"column":80}},"15":{"start":{"line":42,"column":53},"end":{"line":42,"column":77}},"16":{"start":{"line":45,"column":16},"end":{"line":45,"column":37}},"17":{"start":{"line":48,"column":12},"end":{"line":48,"column":23}},"18":{"start":{"line":51,"column":4},"end":{"line":54,"column":5}}},"fnMap":{"0":{"name":"(anonymous_0)","decl":{"start":{"line":3,"column":12},"end":{"line":3,"column":13}},"loc":{"start":{"line":3,"column":18},"end":{"line":55,"column":1}},"line":3},"1":{"name":"(anonymous_1)","decl":{"start":{"line":5,"column":18},"end":{"line":5,"column":19}},"loc":{"start":{"line":5,"column":45},"end":{"line":24,"column":5}},"line":5},"2":{"name":"(anonymous_2)","decl":{"start":{"line":29,"column":26},"end":{"line":29,"column":27}},"loc":{"start":{"line":29,"column":47},"end":{"line":50,"column":5}},"line":29},"3":{"name":"(anonymous_3)","decl":{"start":{"line":41,"column":48},"end":{"line":41,"column":49}},"loc":{"start":{"line":41,"column":56},"end":{"line":41,"column":80}},"line":41},"4":{"name":"(anonymous_4)","decl":{"start":{"line":42,"column":45},"end":{"line":42,"column":46}},"loc":{"start":{"line":42,"column":53},"end":{"line":42,"column":77}},"line":42}},"branchMap":{"0":{"loc":{"start":{"line":15,"column":12},"end":{"line":19,"column":13}},"type":"if","locations":[{"start":{"line":15,"column":12},"end":{"line":19,"column":13}},{"start":{"line":17,"column":19},"end":{"line":19,"column":13}}],"line":15},"1":{"loc":{"start":{"line":38,"column":12},"end":{"line":46,"column":13}},"type":"if","locations":[{"start":{"line":38,"column":12},"end":{"line":46,"column":13}},{"start":{"line":44,"column":19},"end":{"line":46,"column":13}}],"line":38}},"s":{"0":2,"1":4,"2":2,"3":2,"4":2,"5":1,"6":1,"7":1,"8":4,"9":2,"10":2,"11":2,"12":1,"13":1,"14":2,"15":2,"16":1,"17":1,"18":4},"f":{"0":4,"1":2,"2":2,"3":2,"4":2},"b":{"0":[1,1],"1":[1,1]},"_coverageSchema":"1a1c01bbd47fc00a2c39e90264f33305004495a9","hash":"c8c99743292626cfc7876b4b4d4588b9f9630ce6"}
,"C:\\Users\\Claudia\\Desktop\\proyectos\\Burger-queen-api-client\\src\\pages\\login\\login.jsx": {"path":"C:\\Users\\Claudia\\Desktop\\proyectos\\Burger-queen-api-client\\src\\pages\\login\\login.jsx","statementMap":{"0":{"start":{"line":13,"column":14},"end":{"line":66,"column":1}},"1":{"start":{"line":15,"column":19},"end":{"line":15,"column":32}},"2":{"start":{"line":16,"column":28},"end":{"line":16,"column":40}},"3":{"start":{"line":17,"column":34},"end":{"line":17,"column":46}},"4":{"start":{"line":18,"column":42},"end":{"line":18,"column":54}},"5":{"start":{"line":20,"column":22},"end":{"line":50,"column":3}},"6":{"start":{"line":21,"column":4},"end":{"line":21,"column":23}},"7":{"start":{"line":23,"column":4},"end":{"line":26,"column":5}},"8":{"start":{"line":24,"column":6},"end":{"line":24,"column":53}},"9":{"start":{"line":25,"column":6},"end":{"line":25,"column":13}},"10":{"start":{"line":30,"column":4},"end":{"line":49,"column":5}},"11":{"start":{"line":31,"column":19},"end":{"line":31,"column":53}},"12":{"start":{"line":32,"column":6},"end":{"line":36,"column":7}},"13":{"start":{"line":33,"column":8},"end":{"line":33,"column":28}},"14":{"start":{"line":34,"column":13},"end":{"line":36,"column":7}},"15":{"start":{"line":35,"column":8},"end":{"line":35,"column":27}},"16":{"start":{"line":38,"column":26},"end":{"line":38,"column":42}},"17":{"start":{"line":40,"column":6},"end":{"line":44,"column":7}},"18":{"start":{"line":41,"column":8},"end":{"line":41,"column":51}},"19":{"start":{"line":47,"column":6},"end":{"line":47,"column":23}},"20":{"start":{"line":48,"column":6},"end":{"line":48,"column":35}},"21":{"start":{"line":52,"column":2},"end":{"line":64,"column":4}}},"fnMap":{"0":{"name":"(anonymous_0)","decl":{"start":{"line":13,"column":14},"end":{"line":13,"column":15}},"loc":{"start":{"line":13,"column":20},"end":{"line":66,"column":1}},"line":13},"1":{"name":"(anonymous_1)","decl":{"start":{"line":20,"column":22},"end":{"line":20,"column":23}},"loc":{"start":{"line":20,"column":35},"end":{"line":50,"column":3}},"line":20}},"branchMap":{"0":{"loc":{"start":{"line":23,"column":4},"end":{"line":26,"column":5}},"type":"if","locations":[{"start":{"line":23,"column":4},"end":{"line":26,"column":5}},{"start":{},"end":{}}],"line":23},"1":{"loc":{"start":{"line":23,"column":8},"end":{"line":23,"column":53}},"type":"binary-expr","locations":[{"start":{"line":23,"column":8},"end":{"line":23,"column":27}},{"start":{"line":23,"column":31},"end":{"line":23,"column":53}}],"line":23},"2":{"loc":{"start":{"line":32,"column":6},"end":{"line":36,"column":7}},"type":"if","locations":[{"start":{"line":32,"column":6},"end":{"line":36,"column":7}},{"start":{"line":34,"column":13},"end":{"line":36,"column":7}}],"line":32},"3":{"loc":{"start":{"line":34,"column":13},"end":{"line":36,"column":7}},"type":"if","locations":[{"start":{"line":34,"column":13},"end":{"line":36,"column":7}},{"start":{},"end":{}}],"line":34}},"s":{"0":1,"1":1,"2":1,"3":1,"4":1,"5":1,"6":0,"7":0,"8":0,"9":0,"10":0,"11":0,"12":0,"13":0,"14":0,"15":0,"16":0,"17":0,"18":0,"19":0,"20":0,"21":1},"f":{"0":1,"1":0},"b":{"0":[0,0],"1":[0,0],"2":[0,0],"3":[0,0]},"_coverageSchema":"1a1c01bbd47fc00a2c39e90264f33305004495a9","hash":"c7112a6c183be17d4c65a0c286092590db7d4cb2"}
}
