TN:
SF:src\Components\Logo\logo.jsx
FN:6,(anonymous_0)
FNF:1
FNH:1
FNDA:2,(anonymous_0)
DA:6,1
DA:7,2
LF:2
LH:2
BRF:0
BRH:0
end_of_record
TN:
SF:src\Components\cardElement\cardElement.jsx
FN:5,CardElement
FN:13,(anonymous_1)
FNF:2
FNH:2
FNDA:3,CardElement
FNDA:1,(anonymous_1)
DA:7,3
DA:13,1
LF:2
LH:2
BRF:0
BRH:0
end_of_record
TN:
SF:src\Components\cardOrder\cardOrder.jsx
FN:5,CardOrder
FNF:1
FNH:1
FNDA:3,CardOrder
DA:6,3
LF:1
LH:1
BRF:0
BRH:0
end_of_record
TN:
SF:src\Components\loginForm\loginForm.jsx
FN:5,(anonymous_0)
FN:20,(anonymous_1)
FN:31,(anonymous_2)
FNF:3
FNH:1
FNDA:3,(anonymous_0)
FNDA:0,(anonymous_1)
FNDA:0,(anonymous_2)
DA:5,2
DA:7,3
DA:20,0
DA:31,0
LF:4
LH:2
BRDA:35,0,0,3
BRDA:35,0,1,1
BRF:2
BRH:2
end_of_record
TN:
SF:src\Components\productList\productList.jsx
FN:5,ProductList
FN:8,(anonymous_1)
FN:15,(anonymous_2)
FNF:3
FNH:3
FNDA:1,ProductList
FNDA:3,(anonymous_1)
FNDA:1,(anonymous_2)
DA:6,1
DA:9,3
DA:15,1
LF:3
LH:3
BRF:0
BRH:0
end_of_record
TN:
SF:src\Components\productsForWaiters\products.jsx
FN:7,products
FN:10,(anonymous_1)
FN:16,(anonymous_2)
FNF:3
FNH:3
FNDA:1,products
FNDA:3,(anonymous_1)
FNDA:1,(anonymous_2)
DA:8,1
DA:11,3
DA:16,1
LF:3
LH:3
BRF:0
BRH:0
end_of_record
TN:
SF:src\api_client\api.jsx
FN:1,(anonymous_0)
FN:3,(anonymous_1)
FN:23,(anonymous_2)
FN:37,(anonymous_3)
FN:38,(anonymous_4)
FN:54,(anonymous_5)
FN:79,(anonymous_6)
FN:92,(anonymous_7)
FN:93,(anonymous_8)
FN:106,(anonymous_9)
FN:134,(anonymous_10)
FN:146,(anonymous_11)
FN:147,(anonymous_12)
FN:148,(anonymous_13)
FN:160,(anonymous_14)
FN:178,(anonymous_15)
FN:194,(anonymous_16)
FN:211,(anonymous_17)
FN:229,(anonymous_18)
FN:247,(anonymous_19)
FNF:20
FNH:18
FNDA:16,(anonymous_0)
FNDA:2,(anonymous_1)
FNDA:2,(anonymous_2)
FNDA:2,(anonymous_3)
FNDA:2,(anonymous_4)
FNDA:2,(anonymous_5)
FNDA:2,(anonymous_6)
FNDA:3,(anonymous_7)
FNDA:3,(anonymous_8)
FNDA:0,(anonymous_9)
FNDA:1,(anonymous_10)
FNDA:3,(anonymous_11)
FNDA:3,(anonymous_12)
FNDA:3,(anonymous_13)
FNDA:0,(anonymous_14)
FNDA:1,(anonymous_15)
FNDA:1,(anonymous_16)
FNDA:1,(anonymous_17)
FNDA:2,(anonymous_18)
FNDA:2,(anonymous_19)
DA:1,2
DA:3,16
DA:4,2
DA:5,2
DA:12,1
DA:13,1
DA:17,1
DA:23,16
DA:24,2
DA:25,2
DA:32,2
DA:33,1
DA:36,1
DA:37,2
DA:38,2
DA:42,1
DA:47,1
DA:54,16
DA:55,2
DA:56,2
DA:64,1
DA:66,1
DA:68,0
DA:71,1
DA:79,16
DA:80,2
DA:81,2
DA:88,1
DA:89,1
DA:90,1
DA:91,1
DA:92,3
DA:93,3
DA:99,1
DA:106,16
DA:107,0
DA:108,0
DA:119,0
DA:120,0
DA:121,0
DA:127,0
DA:134,16
DA:135,1
DA:136,1
DA:143,1
DA:144,1
DA:145,1
DA:146,3
DA:147,3
DA:148,3
DA:155,0
DA:160,16
DA:161,0
DA:178,16
DA:179,1
DA:194,16
DA:195,1
DA:211,16
DA:212,1
DA:229,16
DA:230,2
DA:232,2
DA:239,1
DA:241,1
DA:247,16
DA:248,2
DA:250,2
DA:257,1
DA:259,1
DA:265,16
LF:70
LH:61
BRDA:12,0,0,1
BRDA:12,0,1,0
BRDA:32,1,0,1
BRDA:32,1,1,1
BRDA:64,2,0,1
BRDA:64,2,1,0
BRDA:88,3,0,1
BRDA:88,3,1,0
BRDA:119,4,0,0
BRDA:119,4,1,0
BRDA:143,5,0,1
BRDA:143,5,1,0
BRF:12
BRH:6
end_of_record
TN:
SF:src\pages\login\login.jsx
FN:12,(anonymous_0)
FN:20,(anonymous_1)
FNF:2
FNH:2
FNDA:2,(anonymous_0)
FNDA:1,(anonymous_1)
DA:12,1
DA:14,2
DA:15,2
DA:16,2
DA:17,2
DA:18,2
DA:20,2
DA:21,1
DA:22,1
DA:24,1
DA:25,1
DA:26,1
DA:29,0
DA:30,0
DA:31,0
DA:33,0
DA:34,0
DA:35,0
DA:36,0
DA:37,0
DA:38,0
DA:41,0
DA:43,0
DA:44,0
DA:51,0
DA:58,2
LF:26
LH:13
BRDA:24,0,0,1
BRDA:24,0,1,0
BRDA:24,1,0,1
BRDA:24,1,1,0
BRDA:33,2,0,0
BRDA:33,2,1,0
BRDA:35,3,0,0
BRDA:35,3,1,0
BRDA:37,4,0,0
BRDA:37,4,1,0
BRF:10
BRH:2
end_of_record
