TN:
SF:src\Components\Logo\logo.jsx
FN:6,(anonymous_0)
FNF:1
FNH:1
FNDA:1,(anonymous_0)
DA:6,1
DA:7,1
LF:2
LH:2
BRF:0
BRH:0
end_of_record
TN:
SF:src\Components\cardElement\cardElement.jsx
FN:5,CardElement
FN:13,(anonymous_1)
FNF:2
FNH:2
FNDA:3,CardElement
FNDA:1,(anonymous_1)
DA:7,3
DA:13,1
LF:2
LH:2
BRF:0
BRH:0
end_of_record
TN:
SF:src\Components\cardOrder\cardOrder.jsx
FN:5,CardOrder
FNF:1
FNH:1
FNDA:3,CardOrder
DA:6,3
LF:1
LH:1
BRF:0
BRH:0
end_of_record
TN:
SF:src\Components\loginForm\loginForm.jsx
FN:5,(anonymous_0)
FN:19,(anonymous_1)
FN:29,(anonymous_2)
FNF:3
FNH:1
FNDA:2,(anonymous_0)
FNDA:0,(anonymous_1)
FNDA:0,(anonymous_2)
DA:5,2
DA:7,2
DA:19,0
DA:29,0
LF:4
LH:2
BRDA:34,0,0,2
BRDA:34,0,1,0
BRF:2
BRH:1
end_of_record
TN:
SF:src\Components\productList\productList.jsx
FN:5,ProductList
FN:8,(anonymous_1)
FN:15,(anonymous_2)
FNF:3
FNH:3
FNDA:1,ProductList
FNDA:3,(anonymous_1)
FNDA:1,(anonymous_2)
DA:6,1
DA:9,3
DA:15,1
LF:3
LH:3
BRF:0
BRH:0
end_of_record
TN:
SF:src\Components\productsForWaiters\products.jsx
FN:7,products
FN:10,(anonymous_1)
FN:16,(anonymous_2)
FNF:3
FNH:3
FNDA:1,products
FNDA:3,(anonymous_1)
FNDA:1,(anonymous_2)
DA:8,1
DA:11,3
DA:16,1
LF:3
LH:3
BRF:0
BRH:0
end_of_record
TN:
SF:src\api_client\api.jsx
FN:3,(anonymous_0)
FN:5,(anonymous_1)
FN:29,(anonymous_2)
FN:41,(anonymous_3)
FN:42,(anonymous_4)
FNF:5
FNH:5
FNDA:4,(anonymous_0)
FNDA:2,(anonymous_1)
FNDA:2,(anonymous_2)
FNDA:2,(anonymous_3)
FNDA:2,(anonymous_4)
DA:3,2
DA:5,4
DA:6,2
DA:7,2
DA:15,2
DA:16,1
DA:18,1
DA:29,4
DA:30,2
DA:31,2
DA:38,2
DA:39,1
DA:40,1
DA:41,2
DA:42,2
DA:46,1
DA:50,1
DA:54,4
LF:18
LH:18
BRDA:15,0,0,1
BRDA:15,0,1,1
BRDA:38,1,0,1
BRDA:38,1,1,1
BRF:4
BRH:4
end_of_record
TN:
SF:src\pages\login\login.jsx
FN:12,(anonymous_0)
FN:19,(anonymous_1)
FNF:2
FNH:1
FNDA:1,(anonymous_0)
FNDA:0,(anonymous_1)
DA:12,1
DA:14,1
DA:15,1
DA:16,1
DA:17,1
DA:19,1
DA:20,0
DA:22,0
DA:23,0
DA:24,0
DA:27,0
DA:28,0
DA:30,0
DA:31,0
DA:32,0
DA:33,0
DA:34,0
DA:35,0
DA:38,0
DA:40,0
DA:41,0
DA:48,0
DA:53,1
LF:23
LH:7
BRDA:22,0,0,0
BRDA:22,0,1,0
BRDA:22,1,0,0
BRDA:22,1,1,0
BRDA:30,2,0,0
BRDA:30,2,1,0
BRDA:32,3,0,0
BRDA:32,3,1,0
BRDA:34,4,0,0
BRDA:34,4,1,0
BRF:10
BRH:0
end_of_record
